This file contains any messages produced by compilers while
running configure, to aid debugging if configure makes a mistake.

It was created by alsa-utils configure 1.1.6, which was
generated by GNU Autoconf 2.69.  Invocation command line was

  $ ./configure 

## --------- ##
## Platform. ##
## --------- ##

hostname = LIOS
uname -m = x86_64
uname -r = 4.15.0-33-generic
uname -s = Linux
uname -v = #36~16.04.1-Ubuntu SMP Wed Aug 15 17:21:05 UTC 2018

/usr/bin/uname -p = unknown
/bin/uname -X     = unknown

/bin/arch              = unknown
/usr/bin/arch -k       = unknown
/usr/convex/getsysinfo = unknown
/usr/bin/hostinfo      = unknown
/bin/machine           = unknown
/usr/bin/oslevel       = unknown
/bin/universe          = unknown

PATH: /home/lamar/bin
PATH: /home/lamar/.local/bin
PATH: /usr/local/sbin
PATH: /usr/local/bin
PATH: /usr/sbin
PATH: /usr/bin
PATH: /sbin
PATH: /bin
PATH: /usr/games
PATH: /usr/local/games
PATH: /snap/bin


## ----------- ##
## Core tests. ##
## ----------- ##

configure:2373: checking for a BSD-compatible install
configure:2441: result: /usr/bin/install -c
configure:2452: checking whether build environment is sane
configure:2507: result: yes
configure:2658: checking for a thread-safe mkdir -p
configure:2697: result: /bin/mkdir -p
configure:2704: checking for gawk
configure:2734: result: no
configure:2704: checking for mawk
configure:2720: found /usr/bin/mawk
configure:2731: result: mawk
configure:2742: checking whether make sets $(MAKE)
configure:2764: result: yes
configure:2852: checking whether to enable maintainer-specific portions of Makefiles
configure:2861: result: yes
configure:2883: checking whether NLS is requested
configure:2892: result: yes
configure:2933: checking for msgfmt
configure: trying /usr/bin/msgfmt...
0 translated messages.
configure:2965: result: /usr/bin/msgfmt
configure:2974: checking for gmsgfmt
configure:3005: result: /usr/bin/msgfmt
configure:3056: checking for xgettext
configure: trying /usr/bin/xgettext...
/usr/bin/xgettext: warning: file '/dev/null' extension '' is unknown; will try C
configure:3088: result: /usr/bin/xgettext
configure:3134: checking for msgmerge
configure: trying /usr/bin/msgmerge...
configure:3165: result: /usr/bin/msgmerge
configure:3210: checking for style of include used by make
configure:3238: result: GNU
configure:3309: checking for gcc
configure:3325: found /usr/bin/gcc
configure:3336: result: gcc
configure:3565: checking for C compiler version
configure:3574: gcc --version >&5
gcc (Ubuntu 5.4.0-6ubuntu1~16.04.10) 5.4.0 20160609
Copyright (C) 2015 Free Software Foundation, Inc.
This is free software; see the source for copying conditions.  There is NO
warranty; not even for MERCHANTABILITY or FITNESS FOR A PARTICULAR PURPOSE.

configure:3585: $? = 0
configure:3574: gcc -v >&5
Using built-in specs.
COLLECT_GCC=gcc
COLLECT_LTO_WRAPPER=/usr/lib/gcc/x86_64-linux-gnu/5/lto-wrapper
Target: x86_64-linux-gnu
Configured with: ../src/configure -v --with-pkgversion='Ubuntu 5.4.0-6ubuntu1~16.04.10' --with-bugurl=file:///usr/share/doc/gcc-5/README.Bugs --enable-languages=c,ada,c++,java,go,d,fortran,objc,obj-c++ --prefix=/usr --program-suffix=-5 --enable-shared --enable-linker-build-id --libexecdir=/usr/lib --without-included-gettext --enable-threads=posix --libdir=/usr/lib --enable-nls --with-sysroot=/ --enable-clocale=gnu --enable-libstdcxx-debug --enable-libstdcxx-time=yes --with-default-libstdcxx-abi=new --enable-gnu-unique-object --disable-vtable-verify --enable-libmpx --enable-plugin --with-system-zlib --disable-browser-plugin --enable-java-awt=gtk --enable-gtk-cairo --with-java-home=/usr/lib/jvm/java-1.5.0-gcj-5-amd64/jre --enable-java-home --with-jvm-root-dir=/usr/lib/jvm/java-1.5.0-gcj-5-amd64 --with-jvm-jar-dir=/usr/lib/jvm-exports/java-1.5.0-gcj-5-amd64 --with-arch-directory=amd64 --with-ecj-jar=/usr/share/java/eclipse-ecj.jar --enable-objc-gc --enable-multiarch --disable-werror --with-arch-32=i686 --with-abi=m64 --with-multilib-list=m32,m64,mx32 --enable-multilib --with-tune=generic --enable-checking=release --build=x86_64-linux-gnu --host=x86_64-linux-gnu --target=x86_64-linux-gnu
Thread model: posix
gcc version 5.4.0 20160609 (Ubuntu 5.4.0-6ubuntu1~16.04.10) 
configure:3585: $? = 0
configure:3574: gcc -V >&5
gcc: error: unrecognized command line option '-V'
gcc: fatal error: no input files
compilation terminated.
configure:3585: $? = 1
configure:3574: gcc -qversion >&5
gcc: error: unrecognized command line option '-qversion'
gcc: fatal error: no input files
compilation terminated.
configure:3585: $? = 1
configure:3605: checking whether the C compiler works
configure:3627: gcc    conftest.c  >&5
configure:3631: $? = 0
configure:3679: result: yes
configure:3682: checking for C compiler default output file name
configure:3684: result: a.out
configure:3690: checking for suffix of executables
configure:3697: gcc -o conftest    conftest.c  >&5
configure:3701: $? = 0
configure:3723: result: 
configure:3745: checking whether we are cross compiling
configure:3753: gcc -o conftest    conftest.c  >&5
configure:3757: $? = 0
configure:3764: ./conftest
configure:3768: $? = 0
configure:3783: result: no
configure:3788: checking for suffix of object files
configure:3810: gcc -c   conftest.c >&5
configure:3814: $? = 0
configure:3835: result: o
configure:3839: checking whether we are using the GNU C compiler
configure:3858: gcc -c   conftest.c >&5
configure:3858: $? = 0
configure:3867: result: yes
configure:3876: checking whether gcc accepts -g
configure:3896: gcc -c -g  conftest.c >&5
configure:3896: $? = 0
configure:3937: result: yes
configure:3954: checking for gcc option to accept ISO C89
configure:4017: gcc  -c -g -O2  conftest.c >&5
configure:4017: $? = 0
configure:4030: result: none needed
configure:4052: checking dependency style of gcc
configure:4163: result: gcc3
configure:4182: checking build system type
configure:4196: result: x86_64-unknown-linux-gnu
configure:4216: checking host system type
configure:4229: result: x86_64-unknown-linux-gnu
configure:4273: checking for ld used by GCC
configure:4337: result: /usr/bin/ld
configure:4344: checking if the linker (/usr/bin/ld) is GNU ld
configure:4357: result: yes
configure:4364: checking for shared library run path origin
configure:4377: result: done
configure:4402: checking how to run the C preprocessor
configure:4433: gcc -E  conftest.c
configure:4433: $? = 0
configure:4447: gcc -E  conftest.c
conftest.c:11:28: fatal error: ac_nonexistent.h: No such file or directory
compilation terminated.
configure:4447: $? = 1
configure: failed program was:
| /* confdefs.h */
| #define PACKAGE_NAME "alsa-utils"
| #define PACKAGE_TARNAME "alsa-utils"
| #define PACKAGE_VERSION "1.1.6"
| #define PACKAGE_STRING "alsa-utils 1.1.6"
| #define PACKAGE_BUGREPORT ""
| #define PACKAGE_URL ""
| #define PACKAGE "alsa-utils"
| #define VERSION "1.1.6"
| /* end confdefs.h.  */
| #include <ac_nonexistent.h>
configure:4472: result: gcc -E
configure:4492: gcc -E  conftest.c
configure:4492: $? = 0
configure:4506: gcc -E  conftest.c
conftest.c:11:28: fatal error: ac_nonexistent.h: No such file or directory
compilation terminated.
configure:4506: $? = 1
configure: failed program was:
| /* confdefs.h */
| #define PACKAGE_NAME "alsa-utils"
| #define PACKAGE_TARNAME "alsa-utils"
| #define PACKAGE_VERSION "1.1.6"
| #define PACKAGE_STRING "alsa-utils 1.1.6"
| #define PACKAGE_BUGREPORT ""
| #define PACKAGE_URL ""
| #define PACKAGE "alsa-utils"
| #define VERSION "1.1.6"
| /* end confdefs.h.  */
| #include <ac_nonexistent.h>
configure:4535: checking for grep that handles long lines and -e
configure:4593: result: /bin/grep
configure:4598: checking for egrep
configure:4660: result: /bin/grep -E
configure:5218: checking for CFPreferencesCopyAppValue
configure:5236: gcc -o conftest -g -O2   conftest.c  -Wl,-framework -Wl,CoreFoundation >&5
conftest.c:11:42: fatal error: CoreFoundation/CFPreferences.h: No such file or directory
compilation terminated.
configure:5236: $? = 1
configure: failed program was:
| /* confdefs.h */
| #define PACKAGE_NAME "alsa-utils"
| #define PACKAGE_TARNAME "alsa-utils"
| #define PACKAGE_VERSION "1.1.6"
| #define PACKAGE_STRING "alsa-utils 1.1.6"
| #define PACKAGE_BUGREPORT ""
| #define PACKAGE_URL ""
| #define PACKAGE "alsa-utils"
| #define VERSION "1.1.6"
| /* end confdefs.h.  */
| #include <CoreFoundation/CFPreferences.h>
| int
| main ()
| {
| CFPreferencesCopyAppValue(NULL, NULL)
|   ;
|   return 0;
| }
configure:5245: result: no
configure:5252: checking for CFLocaleCopyCurrent
configure:5270: gcc -o conftest -g -O2   conftest.c  -Wl,-framework -Wl,CoreFoundation >&5
conftest.c:11:37: fatal error: CoreFoundation/CFLocale.h: No such file or directory
compilation terminated.
configure:5270: $? = 1
configure: failed program was:
| /* confdefs.h */
| #define PACKAGE_NAME "alsa-utils"
| #define PACKAGE_TARNAME "alsa-utils"
| #define PACKAGE_VERSION "1.1.6"
| #define PACKAGE_STRING "alsa-utils 1.1.6"
| #define PACKAGE_BUGREPORT ""
| #define PACKAGE_URL ""
| #define PACKAGE "alsa-utils"
| #define VERSION "1.1.6"
| /* end confdefs.h.  */
| #include <CoreFoundation/CFLocale.h>
| int
| main ()
| {
| CFLocaleCopyCurrent();
|   ;
|   return 0;
| }
configure:5279: result: no
configure:5328: checking for GNU gettext in libc
configure:5348: gcc -o conftest -g -O2   conftest.c  >&5
configure:5348: $? = 0
configure:5357: result: yes
configure:6148: checking whether to use NLS
configure:6150: result: yes
configure:6153: checking where the gettext function comes from
configure:6164: result: libc
configure:6272: checking for gcc
configure:6299: result: gcc
configure:6528: checking for C compiler version
configure:6537: gcc --version >&5
gcc (Ubuntu 5.4.0-6ubuntu1~16.04.10) 5.4.0 20160609
Copyright (C) 2015 Free Software Foundation, Inc.
This is free software; see the source for copying conditions.  There is NO
warranty; not even for MERCHANTABILITY or FITNESS FOR A PARTICULAR PURPOSE.

configure:6548: $? = 0
configure:6537: gcc -v >&5
Using built-in specs.
COLLECT_GCC=gcc
COLLECT_LTO_WRAPPER=/usr/lib/gcc/x86_64-linux-gnu/5/lto-wrapper
Target: x86_64-linux-gnu
Configured with: ../src/configure -v --with-pkgversion='Ubuntu 5.4.0-6ubuntu1~16.04.10' --with-bugurl=file:///usr/share/doc/gcc-5/README.Bugs --enable-languages=c,ada,c++,java,go,d,fortran,objc,obj-c++ --prefix=/usr --program-suffix=-5 --enable-shared --enable-linker-build-id --libexecdir=/usr/lib --without-included-gettext --enable-threads=posix --libdir=/usr/lib --enable-nls --with-sysroot=/ --enable-clocale=gnu --enable-libstdcxx-debug --enable-libstdcxx-time=yes --with-default-libstdcxx-abi=new --enable-gnu-unique-object --disable-vtable-verify --enable-libmpx --enable-plugin --with-system-zlib --disable-browser-plugin --enable-java-awt=gtk --enable-gtk-cairo --with-java-home=/usr/lib/jvm/java-1.5.0-gcj-5-amd64/jre --enable-java-home --with-jvm-root-dir=/usr/lib/jvm/java-1.5.0-gcj-5-amd64 --with-jvm-jar-dir=/usr/lib/jvm-exports/java-1.5.0-gcj-5-amd64 --with-arch-directory=amd64 --with-ecj-jar=/usr/share/java/eclipse-ecj.jar --enable-objc-gc --enable-multiarch --disable-werror --with-arch-32=i686 --with-abi=m64 --with-multilib-list=m32,m64,mx32 --enable-multilib --with-tune=generic --enable-checking=release --build=x86_64-linux-gnu --host=x86_64-linux-gnu --target=x86_64-linux-gnu
Thread model: posix
gcc version 5.4.0 20160609 (Ubuntu 5.4.0-6ubuntu1~16.04.10) 
configure:6548: $? = 0
configure:6537: gcc -V >&5
gcc: error: unrecognized command line option '-V'
gcc: fatal error: no input files
compilation terminated.
configure:6548: $? = 1
configure:6537: gcc -qversion >&5
gcc: error: unrecognized command line option '-qversion'
gcc: fatal error: no input files
compilation terminated.
configure:6548: $? = 1
configure:6552: checking whether we are using the GNU C compiler
configure:6580: result: yes
configure:6589: checking whether gcc accepts -g
configure:6650: result: yes
configure:6667: checking for gcc option to accept ISO C89
configure:6743: result: none needed
configure:6765: checking dependency style of gcc
configure:6876: result: gcc3
configure:6893: checking whether ln -s works
configure:6897: result: yes
configure:6904: checking for a sed that does not truncate output
configure:6968: result: /bin/sed
configure:7026: checking for pkg-config
configure:7044: found /usr/bin/pkg-config
configure:7056: result: /usr/bin/pkg-config
configure:7081: checking pkg-config is at least version 0.9.0
configure:7084: result: yes
configure:7123: checking for ALSA CFLAGS
configure:7129: result: 
configure:7132: checking for ALSA LDFLAGS
configure:7141: result:  -lasound -lm -ldl -lpthread
configure:7146: checking for libasound headers version >= 1.0.27
configure:7208: gcc -c -g -O2  conftest.c >&5
configure:7208: $? = 0
configure:7209: result: found.
configure:7228: checking for snd_ctl_open in -lasound
configure:7253: gcc -o conftest -g -O2   conftest.c -lasound   -lasound -lm -ldl -lpthread  >&5
configure:7253: $? = 0
configure:7262: result: yes
configure:7298: checking for snd_ctl_elem_add_enumerated
configure:7298: gcc -o conftest -g -O2   conftest.c -lasound -lm -ldl -lpthread >&5
configure:7298: $? = 0
configure:7298: result: yes
configure:7309: checking for alsa/pcm.h
configure:7309: gcc -c -g -O2  conftest.c >&5
configure:7309: $? = 0
configure:7309: result: yes
configure:7324: checking for alsa/mixer.h
configure:7324: gcc -c -g -O2  conftest.c >&5
configure:7324: $? = 0
configure:7324: result: yes
configure:7339: checking for alsa/rawmidi.h
configure:7339: gcc -c -g -O2  conftest.c >&5
configure:7339: $? = 0
configure:7339: result: yes
configure:7354: checking for alsa/seq.h
configure:7354: gcc -c -g -O2  conftest.c >&5
configure:7354: $? = 0
configure:7354: result: yes
configure:7369: checking for alsa/use-case.h
configure:7369: gcc -c -g -O2  conftest.c >&5
configure:7369: $? = 0
configure:7369: result: yes
configure:7384: checking for alsa/topology.h
configure:7384: gcc -c -g -O2  conftest.c >&5
configure:7384: $? = 0
configure:7384: result: yes
configure:7399: checking for samplerate.h
configure:7399: gcc -c -g -O2  conftest.c >&5
conftest.c:21:24: fatal error: samplerate.h: No such file or directory
compilation terminated.
configure:7399: $? = 1
configure: failed program was:
| /* confdefs.h */
| #define PACKAGE_NAME "alsa-utils"
| #define PACKAGE_TARNAME "alsa-utils"
| #define PACKAGE_VERSION "1.1.6"
| #define PACKAGE_STRING "alsa-utils 1.1.6"
| #define PACKAGE_BUGREPORT ""
| #define PACKAGE_URL ""
| #define PACKAGE "alsa-utils"
| #define VERSION "1.1.6"
| #define ENABLE_NLS 1
| #define HAVE_GETTEXT 1
| #define HAVE_DCGETTEXT 1
| #define HAVE_LIBASOUND 1
| #define HAVE_ALSA_PCM_H 1
| #define HAVE_ALSA_MIXER_H 1
| #define HAVE_ALSA_RAWMIDI_H 1
| #define HAVE_ALSA_SEQ_H 1
| #define HAVE_ALSA_USE_CASE_H 1
| #define HAVE_ALSA_TOPOLOGY_H 1
| /* end confdefs.h.  */
| #include <samplerate.h>
| 
| #include <samplerate.h>
configure:7399: result: no
configure:7413: checking for snd_seq_client_info_get_card in -lasound
configure:7438: gcc -o conftest -g -O2   conftest.c -lasound  -lasound -lm -ldl -lpthread >&5
/tmp/ccibpXTl.o: In function `main':
/home/lamar/linzr/alsa-utils-1.1.6/conftest.c:32: undefined reference to `snd_seq_client_info_get_card'
collect2: error: ld returned 1 exit status
configure:7438: $? = 1
configure: failed program was:
| /* confdefs.h */
| #define PACKAGE_NAME "alsa-utils"
| #define PACKAGE_TARNAME "alsa-utils"
| #define PACKAGE_VERSION "1.1.6"
| #define PACKAGE_STRING "alsa-utils 1.1.6"
| #define PACKAGE_BUGREPORT ""
| #define PACKAGE_URL ""
| #define PACKAGE "alsa-utils"
| #define VERSION "1.1.6"
| #define ENABLE_NLS 1
| #define HAVE_GETTEXT 1
| #define HAVE_DCGETTEXT 1
| #define HAVE_LIBASOUND 1
| #define HAVE_ALSA_PCM_H 1
| #define HAVE_ALSA_MIXER_H 1
| #define HAVE_ALSA_RAWMIDI_H 1
| #define HAVE_ALSA_SEQ_H 1
| #define HAVE_ALSA_USE_CASE_H 1
| #define HAVE_ALSA_TOPOLOGY_H 1
| /* end confdefs.h.  */
| 
| /* Override any GCC internal prototype to avoid an error.
|    Use char because int might match the return type of a GCC
|    builtin and then its argument prototype would still apply.  */
| #ifdef __cplusplus
| extern "C"
| #endif
| char snd_seq_client_info_get_card ();
| int
| main ()
| {
| return snd_seq_client_info_get_card ();
|   ;
|   return 0;
| }
configure:7447: result: no
configure:7458: checking for snd_seq_client_info_get_pid in -lasound
configure:7483: gcc -o conftest -g -O2   conftest.c -lasound  -lasound -lm -ldl -lpthread >&5
/tmp/ccBxMabp.o: In function `main':
/home/lamar/linzr/alsa-utils-1.1.6/conftest.c:32: undefined reference to `snd_seq_client_info_get_pid'
collect2: error: ld returned 1 exit status
configure:7483: $? = 1
configure: failed program was:
| /* confdefs.h */
| #define PACKAGE_NAME "alsa-utils"
| #define PACKAGE_TARNAME "alsa-utils"
| #define PACKAGE_VERSION "1.1.6"
| #define PACKAGE_STRING "alsa-utils 1.1.6"
| #define PACKAGE_BUGREPORT ""
| #define PACKAGE_URL ""
| #define PACKAGE "alsa-utils"
| #define VERSION "1.1.6"
| #define ENABLE_NLS 1
| #define HAVE_GETTEXT 1
| #define HAVE_DCGETTEXT 1
| #define HAVE_LIBASOUND 1
| #define HAVE_ALSA_PCM_H 1
| #define HAVE_ALSA_MIXER_H 1
| #define HAVE_ALSA_RAWMIDI_H 1
| #define HAVE_ALSA_SEQ_H 1
| #define HAVE_ALSA_USE_CASE_H 1
| #define HAVE_ALSA_TOPOLOGY_H 1
| /* end confdefs.h.  */
| 
| /* Override any GCC internal prototype to avoid an error.
|    Use char because int might match the return type of a GCC
|    builtin and then its argument prototype would still apply.  */
| #ifdef __cplusplus
| extern "C"
| #endif
| char snd_seq_client_info_get_pid ();
| int
| main ()
| {
| return snd_seq_client_info_get_pid ();
|   ;
|   return 0;
| }
configure:7492: result: no
configure:7606: checking for fftwf_malloc in -lfftw3f
configure:7631: gcc -o conftest -g -O2   conftest.c -lfftw3f  -lasound -lm -ldl -lpthread >&5
/usr/bin/ld: cannot find -lfftw3f
collect2: error: ld returned 1 exit status
configure:7631: $? = 1
configure: failed program was:
| /* confdefs.h */
| #define PACKAGE_NAME "alsa-utils"
| #define PACKAGE_TARNAME "alsa-utils"
| #define PACKAGE_VERSION "1.1.6"
| #define PACKAGE_STRING "alsa-utils 1.1.6"
| #define PACKAGE_BUGREPORT ""
| #define PACKAGE_URL ""
| #define PACKAGE "alsa-utils"
| #define VERSION "1.1.6"
| #define ENABLE_NLS 1
| #define HAVE_GETTEXT 1
| #define HAVE_DCGETTEXT 1
| #define HAVE_LIBASOUND 1
| #define HAVE_ALSA_PCM_H 1
| #define HAVE_ALSA_MIXER_H 1
| #define HAVE_ALSA_RAWMIDI_H 1
| #define HAVE_ALSA_SEQ_H 1
| #define HAVE_ALSA_USE_CASE_H 1
| #define HAVE_ALSA_TOPOLOGY_H 1
| /* end confdefs.h.  */
| 
| /* Override any GCC internal prototype to avoid an error.
|    Use char because int might match the return type of a GCC
|    builtin and then its argument prototype would still apply.  */
| #ifdef __cplusplus
| extern "C"
| #endif
| char fftwf_malloc ();
| int
| main ()
| {
| return fftwf_malloc ();
|   ;
|   return 0;
| }
configure:7640: result: no
configure:7704: checking for sqrtf in -lm
configure:7729: gcc -o conftest -g -O2   conftest.c -lm  -lasound -lm -ldl -lpthread >&5
conftest.c:28:6: warning: conflicting types for built-in function 'sqrtf'
 char sqrtf ();
      ^
configure:7729: $? = 0
configure:7738: result: yes
configure:7751: checking for pthread_create in -lpthread
configure:7776: gcc -o conftest -g -O2   conftest.c -lpthread  -lm -lasound -lm -ldl -lpthread >&5
configure:7776: $? = 0
configure:7785: result: yes
configure:7826: checking for librt
configure:7837: checking for clock_gettime in -lrt
configure:7862: gcc -o conftest -g -O2   conftest.c -lrt  -lasound -lm -ldl -lpthread >&5
configure:7862: $? = 0
configure:7871: result: yes
configure:7968: checking for xmlto
configure:7998: result: no
configure:8024: checking for rst2man
configure:8054: result: no
configure:8084: checking for ANSI C header files
configure:8104: gcc -c -g -O2  conftest.c >&5
configure:8104: $? = 0
configure:8177: gcc -o conftest -g -O2   conftest.c -lasound -lm -ldl -lpthread >&5
configure:8177: $? = 0
configure:8177: ./conftest
configure:8177: $? = 0
configure:8188: result: yes
configure:8211: checking for NCURSESW
configure:8218: $PKG_CONFIG --exists --print-errors "ncursesw"
configure:8221: $? = 0
configure:8234: $PKG_CONFIG --exists --print-errors "ncursesw"
configure:8237: $? = 0
configure:8446: result: yes
configure:8756: checking for curses library
configure:8758: result: ncursesw
configure:8760: checking for curses header name
configure:8762: result: <ncurses.h>
configure:8764: checking for curses compiler flags
configure:8766: result: -D_GNU_SOURCE -I/usr/include/ncursesw
configure:8795: gcc -o conftest -g -O2 -D_GNU_SOURCE -I/usr/include/ncursesw   conftest.c -lncursesw -ltinfo -lasound -lm -ldl -lpthread >&5
configure:8795: $? = 0
configure:8807: checking for curses NLS support
configure:8834: result: yes
configure:8848: checking for sys/types.h
configure:8848: gcc -c -g -O2 -D_GNU_SOURCE -I/usr/include/ncursesw  conftest.c >&5
configure:8848: $? = 0
configure:8848: result: yes
configure:8848: checking for sys/stat.h
configure:8848: gcc -c -g -O2 -D_GNU_SOURCE -I/usr/include/ncursesw  conftest.c >&5
configure:8848: $? = 0
configure:8848: result: yes
configure:8848: checking for stdlib.h
configure:8848: gcc -c -g -O2 -D_GNU_SOURCE -I/usr/include/ncursesw  conftest.c >&5
configure:8848: $? = 0
configure:8848: result: yes
configure:8848: checking for string.h
configure:8848: gcc -c -g -O2 -D_GNU_SOURCE -I/usr/include/ncursesw  conftest.c >&5
configure:8848: $? = 0
configure:8848: result: yes
configure:8848: checking for memory.h
configure:8848: gcc -c -g -O2 -D_GNU_SOURCE -I/usr/include/ncursesw  conftest.c >&5
configure:8848: $? = 0
configure:8848: result: yes
configure:8848: checking for strings.h
configure:8848: gcc -c -g -O2 -D_GNU_SOURCE -I/usr/include/ncursesw  conftest.c >&5
configure:8848: $? = 0
configure:8848: result: yes
configure:8848: checking for inttypes.h
configure:8848: gcc -c -g -O2 -D_GNU_SOURCE -I/usr/include/ncursesw  conftest.c >&5
configure:8848: $? = 0
configure:8848: result: yes
configure:8848: checking for stdint.h
configure:8848: gcc -c -g -O2 -D_GNU_SOURCE -I/usr/include/ncursesw  conftest.c >&5
configure:8848: $? = 0
configure:8848: result: yes
configure:8848: checking for unistd.h
configure:8848: gcc -c -g -O2 -D_GNU_SOURCE -I/usr/include/ncursesw  conftest.c >&5
configure:8848: $? = 0
configure:8848: result: yes
configure:8863: checking panel.h usability
configure:8863: gcc -c -g -O2 -D_GNU_SOURCE -I/usr/include/ncursesw  conftest.c >&5
configure:8863: $? = 0
configure:8863: result: yes
configure:8863: checking panel.h presence
configure:8863: gcc -E  conftest.c
configure:8863: $? = 0
configure:8863: result: yes
configure:8863: checking for panel.h
configure:8863: result: yes
configure:8863: checking menu.h usability
configure:8863: gcc -c -g -O2 -D_GNU_SOURCE -I/usr/include/ncursesw  conftest.c >&5
configure:8863: $? = 0
configure:8863: result: yes
configure:8863: checking menu.h presence
configure:8863: gcc -E  conftest.c
configure:8863: $? = 0
configure:8863: result: yes
configure:8863: checking for menu.h
configure:8863: result: yes
configure:8863: checking form.h usability
configure:8863: gcc -c -g -O2 -D_GNU_SOURCE -I/usr/include/ncursesw  conftest.c >&5
configure:8863: $? = 0
configure:8863: result: yes
configure:8863: checking form.h presence
configure:8863: gcc -E  conftest.c
configure:8863: $? = 0
configure:8863: result: yes
configure:8863: checking for form.h
configure:8863: result: yes
configure:8876: checking for new_panel in -lpanelw
configure:8901: gcc -o conftest -g -O2 -D_GNU_SOURCE -I/usr/include/ncursesw   conftest.c -lpanelw  -lncursesw -ltinfo -lasound -lm -ldl -lpthread >&5
configure:8901: $? = 0
configure:8911: result: yes
configure:8920: checking for new_menu in -lmenuw
configure:8945: gcc -o conftest -g -O2 -D_GNU_SOURCE -I/usr/include/ncursesw   conftest.c -lmenuw  -lncursesw -ltinfo -lasound -lm -ldl -lpthread >&5
configure:8945: $? = 0
configure:8955: result: yes
configure:8964: checking for new_form in -lformw
configure:8989: gcc -o conftest -g -O2 -D_GNU_SOURCE -I/usr/include/ncursesw   conftest.c -lformw  -lncursesw -ltinfo -lasound -lm -ldl -lpthread >&5
configure:8989: $? = 0
configure:8999: result: yes
configure:9016: checking for curses linker flags
configure:9018: result: -lformw -lmenuw -lpanelw -lncursesw -ltinfo
configure:9062: checking for an ANSI C-conforming const
configure:9128: gcc -c -g -O2  conftest.c >&5
configure:9128: $? = 0
configure:9135: result: yes
configure:9143: checking for inline
configure:9159: gcc -c -g -O2  conftest.c >&5
configure:9159: $? = 0
configure:9167: result: inline
configure:9185: checking whether time.h and sys/time.h may both be included
configure:9205: gcc -c -g -O2  conftest.c >&5
configure:9205: $? = 0
configure:9212: result: yes
configure:9222: checking whether gcc needs -traditional
configure:9256: result: no
configure:9271: checking for special C compiler options needed for large files
configure:9316: result: no
configure:9322: checking for _FILE_OFFSET_BITS value needed for large files
configure:9347: gcc -c -g -O2  conftest.c >&5
configure:9347: $? = 0
configure:9379: result: no
configure:9486: checking for SYSTEMD
configure:9493: $PKG_CONFIG --exists --print-errors "systemd >= 18"
configure:9496: $? = 0
configure:9509: $PKG_CONFIG --exists --print-errors "systemd >= 18"
configure:9512: $? = 0
configure:9549: result: yes
configure:9726: checking that generated files are newer than configure
configure:9732: result: done
configure:9827: creating ./config.status

## ---------------------- ##
## Running config.status. ##
## ---------------------- ##

This file was extended by alsa-utils config.status 1.1.6, which was
generated by GNU Autoconf 2.69.  Invocation command line was

  CONFIG_FILES    = 
  CONFIG_HEADERS  = 
  CONFIG_LINKS    = 
  CONFIG_COMMANDS = 
  $ ./config.status 

on LIOS

config.status:1004: creating Makefile
config.status:1004: creating alsactl/Makefile
config.status:1004: creating alsactl/init/Makefile
config.status:1004: creating alsamixer/Makefile
config.status:1004: creating amidi/Makefile
config.status:1004: creating amixer/Makefile
config.status:1004: creating m4/Makefile
config.status:1004: creating po/Makefile.in
config.status:1004: creating alsaconf/alsaconf
config.status:1004: creating alsaconf/Makefile
config.status:1004: creating alsaconf/po/Makefile
config.status:1112: WARNING:  'alsaconf/po/Makefile.in' seems to ignore the --datarootdir setting
config.status:1004: creating alsaucm/Makefile
config.status:1004: creating topology/Makefile
config.status:1004: creating bat/Makefile
config.status:1004: creating bat/tests/Makefile
config.status:1004: creating bat/tests/asound_state/Makefile
config.status:1004: creating aplay/Makefile
config.status:1004: creating include/Makefile
config.status:1004: creating iecset/Makefile
config.status:1004: creating utils/Makefile
config.status:1004: creating utils/alsa-utils.spec
config.status:1004: creating seq/Makefile
config.status:1004: creating seq/aconnect/Makefile
config.status:1004: creating seq/aplaymidi/Makefile
config.status:1004: creating seq/aseqdump/Makefile
config.status:1004: creating seq/aseqnet/Makefile
config.status:1004: creating speaker-test/Makefile
config.status:1004: creating speaker-test/samples/Makefile
config.status:1004: creating alsaloop/Makefile
config.status:1004: creating alsa-info/Makefile
config.status:1004: creating include/aconfig.h
config.status:1185: include/aconfig.h is unchanged
config.status:1233: executing po-directories commands
config.status:1233: executing depfiles commands

## ---------------- ##
## Cache variables. ##
## ---------------- ##

ac_cv_build=x86_64-unknown-linux-gnu
ac_cv_c_compiler_gnu=yes
ac_cv_c_const=yes
ac_cv_c_inline=inline
ac_cv_env_CC_set=
ac_cv_env_CC_value=
ac_cv_env_CFLAGS_set=
ac_cv_env_CFLAGS_value=
ac_cv_env_CPPFLAGS_set=
ac_cv_env_CPPFLAGS_value=
ac_cv_env_CPP_set=
ac_cv_env_CPP_value=
ac_cv_env_LDFLAGS_set=
ac_cv_env_LDFLAGS_value=
ac_cv_env_LIBS_set=
ac_cv_env_LIBS_value=
ac_cv_env_NCURSESW_CFLAGS_set=
ac_cv_env_NCURSESW_CFLAGS_value=
ac_cv_env_NCURSESW_LIBS_set=
ac_cv_env_NCURSESW_LIBS_value=
ac_cv_env_NCURSES_CFLAGS_set=
ac_cv_env_NCURSES_CFLAGS_value=
ac_cv_env_NCURSES_LIBS_set=
ac_cv_env_NCURSES_LIBS_value=
ac_cv_env_PKG_CONFIG_LIBDIR_set=
ac_cv_env_PKG_CONFIG_LIBDIR_value=
ac_cv_env_PKG_CONFIG_PATH_set=
ac_cv_env_PKG_CONFIG_PATH_value=
ac_cv_env_PKG_CONFIG_set=
ac_cv_env_PKG_CONFIG_value=
ac_cv_env_SYSTEMD_CFLAGS_set=
ac_cv_env_SYSTEMD_CFLAGS_value=
ac_cv_env_SYSTEMD_LIBS_set=
ac_cv_env_SYSTEMD_LIBS_value=
ac_cv_env_build_alias_set=
ac_cv_env_build_alias_value=
ac_cv_env_host_alias_set=
ac_cv_env_host_alias_value=
ac_cv_env_target_alias_set=
ac_cv_env_target_alias_value=
ac_cv_func_snd_ctl_elem_add_enumerated=yes
ac_cv_header_alsa_mixer_h=yes
ac_cv_header_alsa_pcm_h=yes
ac_cv_header_alsa_rawmidi_h=yes
ac_cv_header_alsa_seq_h=yes
ac_cv_header_alsa_topology_h=yes
ac_cv_header_alsa_use_case_h=yes
ac_cv_header_form_h=yes
ac_cv_header_inttypes_h=yes
ac_cv_header_memory_h=yes
ac_cv_header_menu_h=yes
ac_cv_header_panel_h=yes
ac_cv_header_samplerate_h=no
ac_cv_header_stdc=yes
ac_cv_header_stdint_h=yes
ac_cv_header_stdlib_h=yes
ac_cv_header_string_h=yes
ac_cv_header_strings_h=yes
ac_cv_header_sys_stat_h=yes
ac_cv_header_sys_types_h=yes
ac_cv_header_time=yes
ac_cv_header_unistd_h=yes
ac_cv_host=x86_64-unknown-linux-gnu
ac_cv_lib_asound_snd_ctl_open=yes
ac_cv_lib_asound_snd_seq_client_info_get_card=no
ac_cv_lib_asound_snd_seq_client_info_get_pid=no
ac_cv_lib_fftw3f_fftwf_malloc=no
ac_cv_lib_formw___new_form=yes
ac_cv_lib_m_sqrtf=yes
ac_cv_lib_menuw___new_menu=yes
ac_cv_lib_panelw___new_panel=yes
ac_cv_lib_pthread_pthread_create=yes
ac_cv_lib_rt_clock_gettime=yes
ac_cv_objext=o
ac_cv_path_EGREP='/bin/grep -E'
ac_cv_path_GMSGFMT=/usr/bin/msgfmt
ac_cv_path_GREP=/bin/grep
ac_cv_path_MSGFMT=/usr/bin/msgfmt
ac_cv_path_MSGMERGE=/usr/bin/msgmerge
ac_cv_path_SED=/bin/sed
ac_cv_path_XGETTEXT=/usr/bin/xgettext
ac_cv_path_ac_pt_PKG_CONFIG=/usr/bin/pkg-config
ac_cv_path_install='/usr/bin/install -c'
ac_cv_path_mkdir=/bin/mkdir
ac_cv_prog_AWK=mawk
ac_cv_prog_CPP='gcc -E'
ac_cv_prog_ac_ct_CC=gcc
ac_cv_prog_cc_c89=
ac_cv_prog_cc_g=yes
ac_cv_prog_gcc_traditional=no
ac_cv_prog_make_make_set=yes
ac_cv_sys_file_offset_bits=no
ac_cv_sys_largefile_CC=no
acl_cv_hardcode_direct=no
acl_cv_hardcode_libdir_flag_spec='${wl}-rpath ${wl}$libdir'
acl_cv_hardcode_libdir_separator=
acl_cv_hardcode_minus_L=no
acl_cv_libext=a
acl_cv_libname_spec='lib$name'
acl_cv_library_names_spec='$libname$shrext'
acl_cv_path_LD=/usr/bin/ld
acl_cv_prog_gnu_ld=yes
acl_cv_rpath=done
acl_cv_shlibext=so
acl_cv_wl=-Wl,
am_cv_CC_dependencies_compiler_type=gcc3
gt_cv_func_CFLocaleCopyCurrent=no
gt_cv_func_CFPreferencesCopyAppValue=no
gt_cv_func_gnugettext1_libc=yes
pkg_cv_NCURSESW_CFLAGS='-D_GNU_SOURCE -I/usr/include/ncursesw'
pkg_cv_NCURSESW_LIBS='-lncursesw -ltinfo'
pkg_cv_SYSTEMD_CFLAGS=
pkg_cv_SYSTEMD_LIBS=

## ----------------- ##
## Output variables. ##
## ----------------- ##

ACLOCAL='${SHELL} /home/lamar/linzr/alsa-utils-1.1.6/missing --run aclocal-1.12'
ALSACONF_FALSE='#'
ALSACONF_TRUE=''
ALSACTL_DAEMONSWITCH='/etc/alsa/state-daemon.conf'
ALSACTL_PIDFILE_DIR='/var/run'
ALSALOOP_FALSE='#'
ALSALOOP_TRUE=''
ALSAMIXER_FALSE='#'
ALSAMIXER_TRUE=''
ALSA_CFLAGS=''
ALSA_LIBS=' -lasound -lm -ldl -lpthread'
AMDEPBACKSLASH='\'
AMDEP_FALSE='#'
AMDEP_TRUE=''
AMTAR='$${TAR-tar}'
ASOUND_LOCK_DIR='/var/lock'
ASOUND_STATE_DIR='/var/lib/alsa'
AUTOCONF='${SHELL} /home/lamar/linzr/alsa-utils-1.1.6/missing --run autoconf'
AUTOHEADER='${SHELL} /home/lamar/linzr/alsa-utils-1.1.6/missing --run autoheader'
AUTOMAKE='${SHELL} /home/lamar/linzr/alsa-utils-1.1.6/missing --run automake-1.12'
AWK='mawk'
BAT_FALSE='#'
BAT_TRUE=''
CC='gcc'
CCDEPMODE='depmode=gcc3'
CFLAGS='-g -O2'
CPP='gcc -E'
CPPFLAGS=''
CURSESINC='<ncurses.h>'
CURSESLIB='-lformw -lmenuw -lpanelw -lncursesw -ltinfo'
CURSES_CFLAGS='-D_GNU_SOURCE -I/usr/include/ncursesw'
CYGPATH_W='echo'
DEFS='-DHAVE_CONFIG_H'
DEPDIR='.deps'
ECHO_C=''
ECHO_N='-n'
ECHO_T=''
EGREP='/bin/grep -E'
EXEEXT=''
FFTW_CFLAGS='-g -O2'
FFTW_INC=''
FFTW_LIB='-lpthread -lm -lasound -lm -ldl -lpthread'
GETTEXT_MACRO_VERSION='0.18'
GMSGFMT='/usr/bin/msgfmt'
GMSGFMT_015='/usr/bin/msgfmt'
GREP='/bin/grep'
HAVE_LIBFFTW3_FALSE=''
HAVE_LIBFFTW3_TRUE='#'
HAVE_LIBTINYALSA_FALSE=''
HAVE_LIBTINYALSA_TRUE='#'
HAVE_MIXER_FALSE='#'
HAVE_MIXER_TRUE=''
HAVE_PCM_FALSE='#'
HAVE_PCM_TRUE=''
HAVE_RAWMIDI_FALSE='#'
HAVE_RAWMIDI_TRUE=''
HAVE_SAMPLERATE_FALSE=''
HAVE_SAMPLERATE_TRUE='#'
HAVE_SEQ_FALSE='#'
HAVE_SEQ_TRUE=''
HAVE_SYSTEMD_FALSE='#'
HAVE_SYSTEMD_TRUE=''
HAVE_TOPOLOGY_FALSE='#'
HAVE_TOPOLOGY_TRUE=''
HAVE_UCM_FALSE='#'
HAVE_UCM_TRUE=''
INSTALL_DATA='${INSTALL} -m 644'
INSTALL_PROGRAM='${INSTALL}'
INSTALL_SCRIPT='${INSTALL}'
INSTALL_STRIP_PROGRAM='$(install_sh) -c -s'
INTLLIBS=''
INTL_MACOSX_LIBS=''
LDFLAGS=''
LIBICONV='-liconv'
LIBINTL=''
LIBOBJS=''
LIBRT='-lrt'
LIBS='-lasound -lm -ldl -lpthread'
LN_S='ln -s'
LTLIBICONV='-liconv'
LTLIBINTL=''
LTLIBOBJS=''
MAINT=''
MAINTAINER_MODE_FALSE='#'
MAINTAINER_MODE_TRUE=''
MAKEINFO='${SHELL} /home/lamar/linzr/alsa-utils-1.1.6/missing --run makeinfo'
MKDIR_P='/bin/mkdir -p'
MSGFMT='/usr/bin/msgfmt'
MSGFMT_015='/usr/bin/msgfmt'
MSGMERGE='/usr/bin/msgmerge'
NCURSESW_CFLAGS='-D_GNU_SOURCE -I/usr/include/ncursesw'
NCURSESW_LIBS='-lncursesw -ltinfo'
NCURSES_CFLAGS=''
NCURSES_LIBS=''
OBJEXT='o'
PACKAGE='alsa-utils'
PACKAGE_BUGREPORT=''
PACKAGE_NAME='alsa-utils'
PACKAGE_STRING='alsa-utils 1.1.6'
PACKAGE_TARNAME='alsa-utils'
PACKAGE_URL=''
PACKAGE_VERSION='1.1.6'
PATH_SEPARATOR=':'
PKG_CONFIG='/usr/bin/pkg-config'
PKG_CONFIG_LIBDIR=''
PKG_CONFIG_PATH=''
POSUB='po'
SED='/bin/sed'
SET_MAKE=''
SHELL='/bin/bash'
SND_UTIL_MAJOR='1'
SND_UTIL_MINOR='1'
SND_UTIL_SUBMINOR='6'
SND_UTIL_VERSION='1.1.6'
STRIP=''
SYSTEMD_CFLAGS=''
SYSTEMD_LIBS=''
TESTSOUND='/usr/share/test.wav'
USE_NLS='yes'
USE_RST2MAN_FALSE=''
USE_RST2MAN_TRUE='#'
USE_XMLTO_FALSE=''
USE_XMLTO_TRUE='#'
VERSION='1.1.6'
XGETTEXT='/usr/bin/xgettext'
XGETTEXT_015='/usr/bin/xgettext'
XGETTEXT_EXTRA_OPTIONS=''
ac_ct_CC='gcc'
am__EXEEXT_FALSE=''
am__EXEEXT_TRUE='#'
am__fastdepCC_FALSE='#'
am__fastdepCC_TRUE=''
am__include='include'
am__isrc=''
am__leading_dot='.'
am__nodep='_no'
am__quote=''
am__tar='$${TAR-tar} chof - "$$tardir"'
am__untar='$${TAR-tar} xf -'
bindir='${exec_prefix}/bin'
build='x86_64-unknown-linux-gnu'
build_alias=''
build_cpu='x86_64'
build_os='linux-gnu'
build_vendor='unknown'
datadir='${datarootdir}'
datarootdir='${prefix}/share'
docdir='${datarootdir}/doc/${PACKAGE_TARNAME}'
dvidir='${docdir}'
exec_prefix='${prefix}'
host='x86_64-unknown-linux-gnu'
host_alias=''
host_cpu='x86_64'
host_os='linux-gnu'
host_vendor='unknown'
htmldir='${docdir}'
includedir='${prefix}/include'
infodir='${datarootdir}/info'
install_sh='${SHELL} /home/lamar/linzr/alsa-utils-1.1.6/install-sh'
libdir='${exec_prefix}/lib'
libexecdir='${exec_prefix}/libexec'
localedir='${datarootdir}/locale'
localstatedir='${prefix}/var'
mandir='${datarootdir}/man'
mkdir_p='/bin/mkdir -p'
mydatadir='/usr/share/alsa'
ncurses5_config=''
ncursesw5_config=''
oldincludedir='/usr/include'
pdfdir='${docdir}'
prefix='/usr'
program_transform_name='s,x,x,'
psdir='${docdir}'
rst2man_available=''
sbindir='${exec_prefix}/sbin'
sharedstatedir='${prefix}/com'
sysconfdir='${prefix}/etc'
systemdsystemunitdir='/lib/systemd/system'
target_alias=''
udevrulesdir='/lib/udev/rules.d'
xmlto_available=''

## ----------- ##
## confdefs.h. ##
## ----------- ##

/* confdefs.h */
#define PACKAGE_NAME "alsa-utils"
#define PACKAGE_TARNAME "alsa-utils"
#define PACKAGE_VERSION "1.1.6"
#define PACKAGE_STRING "alsa-utils 1.1.6"
#define PACKAGE_BUGREPORT ""
#define PACKAGE_URL ""
#define PACKAGE "alsa-utils"
#define VERSION "1.1.6"
#define ENABLE_NLS 1
#define HAVE_GETTEXT 1
#define HAVE_DCGETTEXT 1
#define HAVE_LIBASOUND 1
#define HAVE_ALSA_PCM_H 1
#define HAVE_ALSA_MIXER_H 1
#define HAVE_ALSA_RAWMIDI_H 1
#define HAVE_ALSA_SEQ_H 1
#define HAVE_ALSA_USE_CASE_H 1
#define HAVE_ALSA_TOPOLOGY_H 1
#define HAVE_LIBM 1
#define HAVE_LIBPTHREAD 1
#define HAVE_LIBRT 1
#define HAVE_CLOCK_GETTIME 1
#define STDC_HEADERS 1
#define HAVE_CURSES_ESCDELAY 1
#define ENABLE_NLS_IN_CURSES 1
#define HAVE_SYS_TYPES_H 1
#define HAVE_SYS_STAT_H 1
#define HAVE_STDLIB_H 1
#define HAVE_STRING_H 1
#define HAVE_MEMORY_H 1
#define HAVE_STRINGS_H 1
#define HAVE_INTTYPES_H 1
#define HAVE_STDINT_H 1
#define HAVE_UNISTD_H 1
#define HAVE_PANEL_H 1
#define HAVE_MENU_H 1
#define HAVE_FORM_H 1
#define SOUNDSDIR "/usr/share/sounds/alsa"
#define DATADIR "/usr/share/alsa"
#define TIME_WITH_SYS_TIME 1
#define VERSION "1.1.6"

configure: exit 0
